

Version:	3.4
CmdLine:	C:\Users\****\Desktop\Java\Intro-Java-Homework\Homework\_8_ Execute\Exec.exe --l4j-debug
WOW64:		yes
Working dir:	C:\Users\****\Desktop\Java\Intro-Java-Homework\Homework\_8_ Execute\.
64-bit search:	SOFTWARE\JavaSoft\Java Runtime Environment...
Check:		SOFTWARE\JavaSoft\Java Runtime Environment\1.7
Check launcher:	C:\Program Files\Java\jre7\bin\javaw.exe (OK)
Match:		1.7
Check:		SOFTWARE\JavaSoft\Java Runtime Environment\1.7.0
Check launcher:	C:\Program Files\Java\jre7\bin\javaw.exe (OK)
Match:		1.7.0
Check:		SOFTWARE\JavaSoft\Java Runtime Environment\1.8
Check launcher:	C:\Program Files\Java\jre1.8.0_20\bin\javaw.exe (OK)
Match:		1.8
Check:		SOFTWARE\JavaSoft\Java Runtime Environment\1.8.0_20
Check launcher:	C:\Program Files\Java\jre1.8.0_20\bin\javaw.exe (OK)
Match:		1.8.0_20
64-bit search:	SOFTWARE\JavaSoft\Java Development Kit...
Check:		SOFTWARE\JavaSoft\Java Development Kit\1.8
Ignore:		1.8
Check:		SOFTWARE\JavaSoft\Java Development Kit\1.8.0_20
Ignore:		1.8.0_20
Runtime used:	1.8.0_20 (64-bit)
Launcher:	C:\Program Files\Java\jre1.8.0_20\bin\javaw.exe
Launcher args:	-jar "C:\Users\****\Desktop\Java\Intro-Java-Homework\Homework\_8_ Execute\Exec.exe"
Args length:	83/32768 chars
Exit code:	0


Version:	3.4
CmdLine:	C:\Users\****\Desktop\Java\Intro-Java-Homework\Homework\_8_ Execute\Exec.exe --l4j-debug
WOW64:		yes
Working dir:	C:\Users\****\Desktop\Java\Intro-Java-Homework\Homework\_8_ Execute\.
64-bit search:	SOFTWARE\JavaSoft\Java Runtime Environment...
Check:		SOFTWARE\JavaSoft\Java Runtime Environment\1.7
Check launcher:	C:\Program Files\Java\jre7\bin\javaw.exe (OK)
Match:		1.7
Check:		SOFTWARE\JavaSoft\Java Runtime Environment\1.7.0
Check launcher:	C:\Program Files\Java\jre7\bin\javaw.exe (OK)
Match:		1.7.0
Check:		SOFTWARE\JavaSoft\Java Runtime Environment\1.8
Check launcher:	C:\Program Files\Java\jre1.8.0_20\bin\javaw.exe (OK)
Match:		1.8
Check:		SOFTWARE\JavaSoft\Java Runtime Environment\1.8.0_20
Check launcher:	C:\Program Files\Java\jre1.8.0_20\bin\javaw.exe (OK)
Match:		1.8.0_20
64-bit search:	SOFTWARE\JavaSoft\Java Development Kit...
Check:		SOFTWARE\JavaSoft\Java Development Kit\1.8
Ignore:		1.8
Check:		SOFTWARE\JavaSoft\Java Development Kit\1.8.0_20
Ignore:		1.8.0_20
Runtime used:	1.8.0_20 (64-bit)
Launcher:	C:\Program Files\Java\jre1.8.0_20\bin\javaw.exe
Launcher args:	-jar "C:\Users\****\Desktop\Java\Intro-Java-Homework\Homework\_8_ Execute\Exec.exe"
Args length:	83/32768 chars
Exit code:	0
